<?xml version="1.0" encoding="UTF-8"?><testsuite errors="1" failures="0" name="Ingresar productos en el carro de compra" skipped="0" tests="1" time="150.7" timestamp="2022-12-06 12:35:25"><testcase name="adicionar productos exitoso"><error message="element click intercepted: Element &lt;li class=&quot;plp-internal-linking-list-item___2MT4M&quot;&gt;...&lt;/li&gt; is not clickable at point (534, 11). Other element would receive the click: &lt;button class=&quot;_usp-item_1ywng_1&quot; data-testid=&quot;usp-item&quot;&gt;...&lt;/button&gt;&#10;  (Session info: chrome=108.0.5359.73)&#10;Build info: version: '3.141.59', revision: 'e82be7d358', time: '2018-11-14T08:17:03'&#10;System info: host: 'GUILLERMO', ip: '192.168.101.12', os.name: 'Windows 8.1', os.arch: 'amd64', os.version: '6.3', java.version: '1.8.0_351'&#10;Driver info: org.openqa.selenium.chrome.ChromeDriver&#10;Capabilities {acceptInsecureCerts: false, browserName: chrome, browserVersion: 108.0.5359.73, chrome: {chromedriverVersion: 107.0.5304.62 (1eec40d3a576..., userDataDir: C:\Users\GUILLE~1\AppData\L...}, goog:chromeOptions: {debuggerAddress: localhost:63350}, javascriptEnabled: true, networkConnectionEnabled: false, pageLoadStrategy: normal, platform: WINDOWS, platformName: WINDOWS, proxy: Proxy(), setWindowRect: true, strictFileInteractability: false, timeouts: {implicit: 0, pageLoad: 300000, script: 30000}, unhandledPromptBehavior: dismiss and notify, webauthn:extension:credBlob: true, webauthn:extension:largeBlob: true, webauthn:virtualAuthenticators: true}&#10;Session ID: 6c8403a321d05549e8094acf2ecff648&#10;Build info: version: '3.141.59', revision: 'e82be7d358', time: '2018-11-14T08:17:03'&#10;System info: host: 'GUILLERMO', ip: '192.168.101.12', os.name: 'Windows 8.1', os.arch: 'amd64', os.version: '6.3', java.version: '1.8.0_351'&#10;Driver info: driver.version: unknown" type="org.openqa.selenium.ElementClickInterceptedException">element click intercepted: Element &lt;li class="plp-internal-linking-list-item___2MT4M"&gt;...&lt;/li&gt; is not clickable at point (534, 11). Other element would receive the click: &lt;button class="_usp-item_1ywng_1" data-testid="usp-item"&gt;...&lt;/button&gt;
  (Session info: chrome=108.0.5359.73)
Build info: version: '3.141.59', revision: 'e82be7d358', time: '2018-11-14T08:17:03'
System info: host: 'GUILLERMO', ip: '192.168.101.12', os.name: 'Windows 8.1', os.arch: 'amd64', os.version: '6.3', java.version: '1.8.0_351'
Driver info: org.openqa.selenium.chrome.ChromeDriver
Capabilities {acceptInsecureCerts: false, browserName: chrome, browserVersion: 108.0.5359.73, chrome: {chromedriverVersion: 107.0.5304.62 (1eec40d3a576..., userDataDir: C:\Users\GUILLE~1\AppData\L...}, goog:chromeOptions: {debuggerAddress: localhost:63350}, javascriptEnabled: true, networkConnectionEnabled: false, pageLoadStrategy: normal, platform: WINDOWS, platformName: WINDOWS, proxy: Proxy(), setWindowRect: true, strictFileInteractability: false, timeouts: {implicit: 0, pageLoad: 300000, script: 30000}, unhandledPromptBehavior: dismiss and notify, webauthn:extension:credBlob: true, webauthn:extension:largeBlob: true, webauthn:virtualAuthenticators: true}
Session ID: 6c8403a321d05549e8094acf2ecff648
Build info: version: '3.141.59', revision: 'e82be7d358', time: '2018-11-14T08:17:03'
System info: host: 'GUILLERMO', ip: '192.168.101.12', os.name: 'Windows 8.1', os.arch: 'amd64', os.version: '6.3', java.version: '1.8.0_351'
Driver info: driver.version: unknown</error><system-err>element click intercepted: Element &lt;li class="plp-internal-linking-list-item___2MT4M"&gt;...&lt;/li&gt; is not clickable at point (534, 11). Other element would receive the click: &lt;button class="_usp-item_1ywng_1" data-testid="usp-item"&gt;...&lt;/button&gt;
  (Session info: chrome=108.0.5359.73)
Build info: version: '3.141.59', revision: 'e82be7d358', time: '2018-11-14T08:17:03'
System info: host: 'GUILLERMO', ip: '192.168.101.12', os.name: 'Windows 8.1', os.arch: 'amd64', os.version: '6.3', java.version: '1.8.0_351'
Driver info: org.openqa.selenium.chrome.ChromeDriver
Capabilities {acceptInsecureCerts: false, browserName: chrome, browserVersion: 108.0.5359.73, chrome: {chromedriverVersion: 107.0.5304.62 (1eec40d3a576..., userDataDir: C:\Users\GUILLE~1\AppData\L...}, goog:chromeOptions: {debuggerAddress: localhost:63350}, javascriptEnabled: true, networkConnectionEnabled: false, pageLoadStrategy: normal, platform: WINDOWS, platformName: WINDOWS, proxy: Proxy(), setWindowRect: true, strictFileInteractability: false, timeouts: {implicit: 0, pageLoad: 300000, script: 30000}, unhandledPromptBehavior: dismiss and notify, webauthn:extension:credBlob: true, webauthn:extension:largeBlob: true, webauthn:virtualAuthenticators: true}
Session ID: 6c8403a321d05549e8094acf2ecff648
Build info: version: '3.141.59', revision: 'e82be7d358', time: '2018-11-14T08:17:03'
System info: host: 'GUILLERMO', ip: '192.168.101.12', os.name: 'Windows 8.1', os.arch: 'amd64', os.version: '6.3', java.version: '1.8.0_351'
Driver info: driver.version: unknown&#13;
co.adidas.steps.LicrasStep.clicLicras(LicrasStep.java:17)&#13;
co.adidas.stepDefinitions.CompraStepDefinition.elUsuarioSeleccionaProductoPorCategoria(CompraStepDefinition.java:25)&#13;
✽.el usuario selecciona producto por categoria(src/test/resources/features/compra.feature:8)&#13;
</system-err></testcase></testsuite>